20170405-18:12:28.986 : Created session
20170405-18:12:29.395 : Connecting to 127.0.0.1 on port 5001
20170405-18:12:29.416 : Connection succeeded
20170405-18:12:30.678 : Initiated logon request
20170405-18:12:30.740 : Session FIX.4.2:SABERIN->TW disconnecting: System.Net.Sockets.SocketException (0x80004005): An existing connection was forcibly closed by the remote host
   at QuickFix.SocketInitiatorThread.ReadSome(Byte[] buffer, Int32 timeoutMilliseconds)
   at QuickFix.SocketInitiatorThread.Read()
20170405-18:12:46.030 : Created session
20170405-18:12:46.253 : Connecting to 127.0.0.1 on port 5001
20170405-18:12:46.407 : Connection succeeded
20170405-18:12:46.427 : Initiated logon request
20170405-18:12:46.520 : Session FIX.4.2:SABERIN->TW disconnecting: System.Net.Sockets.SocketException (0x80004005): An existing connection was forcibly closed by the remote host
   at QuickFix.SocketInitiatorThread.ReadSome(Byte[] buffer, Int32 timeoutMilliseconds)
   at QuickFix.SocketInitiatorThread.Read()
20170405-18:14:34.139 : Created session
20170405-18:14:55.093 : Connecting to 127.0.0.1 on port 5001
20170405-18:15:06.695 : Connection succeeded
20170405-18:16:40.947 : Initiated logon request
20170405-18:16:40.959 : Session FIX.4.2:SABERIN->TW disconnecting: System.Net.Sockets.SocketException (0x80004005): An existing connection was forcibly closed by the remote host
   at QuickFix.SocketInitiatorThread.ReadSome(Byte[] buffer, Int32 timeoutMilliseconds)
   at QuickFix.SocketInitiatorThread.Read()
20170405-18:16:52.762 : Created session
20170405-18:16:52.796 : Connecting to 127.0.0.1 on port 5001
20170405-18:16:52.806 : Connection succeeded
20170405-18:16:52.882 : Initiated logon request
20170405-18:16:52.899 : Session FIX.4.2:SABERIN->TW disconnecting: System.Net.Sockets.SocketException (0x80004005): An existing connection was forcibly closed by the remote host
   at QuickFix.SocketInitiatorThread.ReadSome(Byte[] buffer, Int32 timeoutMilliseconds)
   at QuickFix.SocketInitiatorThread.Read()
20170405-18:18:39.207 : Created session
20170405-18:18:39.402 : Connecting to 127.0.0.1 on port 5001
20170405-18:18:39.413 : Connection succeeded
20170405-18:18:39.435 : Initiated logon request
20170405-18:18:39.523 : Session FIX.4.2:SABERIN->TW disconnecting: System.Net.Sockets.SocketException (0x80004005): An existing connection was forcibly closed by the remote host
   at QuickFix.SocketInitiatorThread.ReadSome(Byte[] buffer, Int32 timeoutMilliseconds)
   at QuickFix.SocketInitiatorThread.Read()
20170405-18:19:32.748 : Created session
20170405-18:19:32.914 : Connecting to 127.0.0.1 on port 5001
20170405-18:19:33.043 : Connection succeeded
20170405-18:19:33.062 : Initiated logon request
20170405-18:19:33.230 : Session FIX.4.2:SABERIN->TW disconnecting: System.Net.Sockets.SocketException (0x80004005): An existing connection was forcibly closed by the remote host
   at QuickFix.SocketInitiatorThread.ReadSome(Byte[] buffer, Int32 timeoutMilliseconds)
   at QuickFix.SocketInitiatorThread.Read()
20170405-18:19:42.339 : Created session
20170405-18:19:42.740 : Connecting to 127.0.0.1 on port 5001
20170405-18:19:42.798 : Connection succeeded
20170405-18:19:42.819 : Initiated logon request
20170405-18:19:42.984 : Session FIX.4.2:SABERIN->TW disconnecting: System.Net.Sockets.SocketException (0x80004005): An existing connection was forcibly closed by the remote host
   at QuickFix.SocketInitiatorThread.ReadSome(Byte[] buffer, Int32 timeoutMilliseconds)
   at QuickFix.SocketInitiatorThread.Read()
20170405-18:20:09.314 : Created session
20170405-18:20:09.401 : Connecting to 127.0.0.1 on port 5001
20170405-18:20:09.414 : Connection succeeded
20170405-18:20:09.433 : Initiated logon request
20170405-18:20:09.450 : Session FIX.4.2:SABERIN->TW disconnecting: System.Net.Sockets.SocketException (0x80004005): An existing connection was forcibly closed by the remote host
   at QuickFix.SocketInitiatorThread.ReadSome(Byte[] buffer, Int32 timeoutMilliseconds)
   at QuickFix.SocketInitiatorThread.Read()
20170405-18:20:26.953 : Created session
20170405-18:20:29.885 : Connecting to 127.0.0.1 on port 5001
20170405-18:20:29.893 : Connection succeeded
20170405-18:20:29.913 : Initiated logon request
20170405-18:20:29.931 : Session FIX.4.2:SABERIN->TW disconnecting: System.Net.Sockets.SocketException (0x80004005): An existing connection was forcibly closed by the remote host
   at QuickFix.SocketInitiatorThread.ReadSome(Byte[] buffer, Int32 timeoutMilliseconds)
   at QuickFix.SocketInitiatorThread.Read()
20170405-18:20:51.174 : Created session
20170405-18:22:25.869 : Created session
20170405-18:22:26.144 : Connecting to 127.0.0.1 on port 5001
20170405-18:22:26.156 : Connection succeeded
20170405-18:22:26.241 : Initiated logon request
20170405-18:22:26.317 : Session FIX.4.2:SABERIN->TW disconnecting: System.Net.Sockets.SocketException (0x80004005): An existing connection was forcibly closed by the remote host
   at QuickFix.SocketInitiatorThread.ReadSome(Byte[] buffer, Int32 timeoutMilliseconds)
   at QuickFix.SocketInitiatorThread.Read()
20170405-18:22:35.420 : Created session
20170405-18:22:35.730 : Connecting to 127.0.0.1 on port 5001
20170405-18:22:35.845 : Connection succeeded
20170405-18:22:35.866 : Initiated logon request
20170405-18:22:35.906 : Session FIX.4.2:SABERIN->TW disconnecting: System.Net.Sockets.SocketException (0x80004005): An existing connection was forcibly closed by the remote host
   at QuickFix.SocketInitiatorThread.ReadSome(Byte[] buffer, Int32 timeoutMilliseconds)
   at QuickFix.SocketInitiatorThread.Read()
20170405-18:22:49.581 : Created session
20170405-18:22:49.792 : Connecting to 127.0.0.1 on port 5001
20170405-18:22:49.899 : Connection succeeded
20170405-18:22:49.944 : Initiated logon request
20170405-18:22:49.968 : Session FIX.4.2:SABERIN->TW disconnecting: System.Net.Sockets.SocketException (0x80004005): An existing connection was forcibly closed by the remote host
   at QuickFix.SocketInitiatorThread.ReadSome(Byte[] buffer, Int32 timeoutMilliseconds)
   at QuickFix.SocketInitiatorThread.Read()
20170405-18:22:56.437 : Created session
20170405-18:22:56.551 : Connecting to 127.0.0.1 on port 5001
20170405-18:22:56.594 : Connection succeeded
20170405-18:22:56.630 : Initiated logon request
20170405-18:22:56.802 : Session FIX.4.2:SABERIN->TW disconnecting: System.Net.Sockets.SocketException (0x80004005): An existing connection was forcibly closed by the remote host
   at QuickFix.SocketInitiatorThread.ReadSome(Byte[] buffer, Int32 timeoutMilliseconds)
   at QuickFix.SocketInitiatorThread.Read()
20170405-18:24:59.078 : Created session
20170405-18:24:59.357 : Connecting to 127.0.0.1 on port 5001
20170405-18:24:59.404 : Connection succeeded
20170405-18:24:59.426 : Initiated logon request
20170405-18:24:59.469 : Session FIX.4.2:SABERIN->TW disconnecting: System.Net.Sockets.SocketException (0x80004005): An existing connection was forcibly closed by the remote host
   at QuickFix.SocketInitiatorThread.ReadSome(Byte[] buffer, Int32 timeoutMilliseconds)
   at QuickFix.SocketInitiatorThread.Read()
20170405-18:25:46.614 : Created session
20170405-18:25:46.833 : Connecting to 127.0.0.1 on port 5001
20170405-18:25:46.899 : Connection succeeded
20170405-18:25:46.949 : Initiated logon request
20170405-18:25:47.053 : Session FIX.4.2:SABERIN->TW disconnecting: System.Net.Sockets.SocketException (0x80004005): An existing connection was forcibly closed by the remote host
   at QuickFix.SocketInitiatorThread.ReadSome(Byte[] buffer, Int32 timeoutMilliseconds)
   at QuickFix.SocketInitiatorThread.Read()
20170405-18:27:34.176 : Created session
20170405-18:27:35.920 : Connecting to 127.0.0.1 on port 5001
20170405-18:27:35.927 : Connection succeeded
20170405-18:27:36.723 : Initiated logon request
20170405-18:27:36.730 : Session FIX.4.2:SABERIN->TW disconnecting: System.Net.Sockets.SocketException (0x80004005): An established connection was aborted by the software in your host machine
   at QuickFix.SocketInitiatorThread.ReadSome(Byte[] buffer, Int32 timeoutMilliseconds)
   at QuickFix.SocketInitiatorThread.Read()
20170405-18:28:14.473 : Created session
20170405-18:28:14.533 : Connecting to 127.0.0.1 on port 5001
20170405-18:28:14.540 : Connection succeeded
20170405-18:28:14.581 : Initiated logon request
20170405-18:28:14.605 : Session FIX.4.2:SABERIN->TW disconnecting: System.Net.Sockets.SocketException (0x80004005): An existing connection was forcibly closed by the remote host
   at QuickFix.SocketInitiatorThread.ReadSome(Byte[] buffer, Int32 timeoutMilliseconds)
   at QuickFix.SocketInitiatorThread.Read()
20170405-18:29:16.014 : Created session
20170405-18:29:30.360 : Connecting to 127.0.0.1 on port 5001
20170405-18:29:31.278 : Connection succeeded
20170405-18:29:48.429 : Initiated logon request
20170405-18:31:54.350 : Created session
20170405-18:31:54.489 : Connecting to 127.0.0.1 on port 5001
20170405-18:31:54.511 : Connection succeeded
20170405-18:31:54.575 : Initiated logon request
20170405-18:31:54.648 : Session FIX.4.2:SABERIN->TW disconnecting: System.Net.Sockets.SocketException (0x80004005): An existing connection was forcibly closed by the remote host
   at QuickFix.SocketInitiatorThread.ReadSome(Byte[] buffer, Int32 timeoutMilliseconds)
   at QuickFix.SocketInitiatorThread.Read()
20170405-18:31:59.831 : Created session
20170405-18:31:59.914 : Connecting to 127.0.0.1 on port 5001
20170405-18:31:59.992 : Connection succeeded
20170405-18:32:00.019 : Initiated logon request
20170405-18:32:00.044 : Session FIX.4.2:SABERIN->TW disconnecting: System.Net.Sockets.SocketException (0x80004005): An existing connection was forcibly closed by the remote host
   at QuickFix.SocketInitiatorThread.ReadSome(Byte[] buffer, Int32 timeoutMilliseconds)
   at QuickFix.SocketInitiatorThread.Read()
20170405-18:39:12.957 : Created session
20170405-18:39:13.069 : Connecting to 127.0.0.1 on port 5001
20170405-18:39:16.963 : Created session
20170405-18:39:17.152 : Connecting to 127.0.0.1 on port 5001
20170405-18:39:20.509 : Created session
20170405-18:39:23.717 : Created session
20170405-18:39:23.834 : Connecting to 127.0.0.1 on port 5001
20170405-18:39:53.807 : Created session
20170405-18:39:53.886 : Connecting to 127.0.0.1 on port 5001
20170405-18:40:06.159 : Created session
20170405-18:41:51.865 : Created session
20170405-18:41:52.287 : Connecting to 127.0.0.1 on port 5001
20170405-18:41:52.367 : Connection succeeded
20170405-18:41:52.390 : Initiated logon request
20170405-18:42:08.019 : Created session
20170405-18:42:08.247 : Connecting to 127.0.0.1 on port 5001
20170405-18:42:18.856 : Created session
20170405-18:42:19.020 : Connecting to 127.0.0.1 on port 5001
20170405-18:42:19.032 : Connection succeeded
20170405-18:42:19.077 : Initiated logon request
20170405-18:43:07.098 : Created session
20170405-18:43:07.245 : Connecting to 127.0.0.1 on port 5001
20170405-18:43:15.176 : Connection failed: No connection could be made because the target machine actively refused it 127.0.0.1:5001
20170405-18:44:54.516 : Created session
20170405-18:44:54.684 : Connecting to 127.0.0.1 on port 5001
20170405-18:44:54.719 : Connection succeeded
20170405-18:45:02.527 : Created session
20170405-18:45:02.617 : Connecting to 127.0.0.1 on port 5001
20170405-18:45:02.749 : Connection succeeded
20170405-18:46:24.063 : Created session
20170405-18:46:24.258 : Connecting to 127.0.0.1 on port 5001
20170405-18:49:22.627 : Connection failed: No connection could be made because the target machine actively refused it 127.0.0.1:5001
20170405-18:50:19.040 : Created session
20170405-18:50:19.073 : Connecting to 127.0.0.1 on port 5001
20170405-18:51:26.921 : Connection failed: No connection could be made because the target machine actively refused it 127.0.0.1:5001
20170405-18:58:36.041 : Created session
20170405-18:58:46.479 : Connecting to 127.0.0.1 on port 5001
20170405-18:58:46.496 : Connection succeeded
20170405-19:07:28.812 : Created session
20170405-19:08:33.573 : Created session
20170405-19:09:14.768 : Created session
20170405-19:09:30.567 : Created session
20170405-19:09:30.741 : Connecting to 127.0.0.1 on port 5001
20170405-19:09:30.807 : Connection succeeded
20170405-19:09:30.833 : Initiated logon request
20170405-19:09:31.215 : Received logon
20170405-19:09:31.225 : Got resend request from 1 to 0
20170405-19:09:31.233 : Sent SequenceReset TO: 3
20170405-19:09:31.234 : Sent SequenceReset TO: 5
20170405-19:09:31.234 : Sent SequenceReset TO: 7
20170405-19:09:31.236 : Sent SequenceReset TO: 9
20170405-19:09:31.236 : Sent SequenceReset TO: 11
20170405-19:09:31.237 : Sent SequenceReset TO: 13
20170405-19:09:31.237 : Sent SequenceReset TO: 15
20170405-19:09:31.238 : Sent SequenceReset TO: 17
20170405-19:09:31.238 : Sent SequenceReset TO: 19
20170405-19:09:31.239 : Sent SequenceReset TO: 22
20170405-19:09:31.240 : Sent SequenceReset TO: 24
20170405-19:09:31.240 : Sent SequenceReset TO: 26
20170405-19:09:31.241 : Sent SequenceReset TO: 28
20170405-19:09:31.241 : Sent SequenceReset TO: 30
20170405-19:09:31.242 : Sent SequenceReset TO: 32
20170405-19:09:31.242 : Sent SequenceReset TO: 34
20170405-19:09:31.243 : Sent SequenceReset TO: 36
20170405-19:09:31.245 : Sent SequenceReset TO: 39
20170405-19:09:31.247 : Sent SequenceReset TO: 42
20170405-19:09:31.249 : Sent SequenceReset TO: 50
20170405-19:09:31.250 : Sent SequenceReset TO: 53
20170405-19:09:31.253 : Sent SequenceReset TO: 64
20170405-19:09:48.697 : Created session
20170405-19:09:48.843 : Connecting to 127.0.0.1 on port 5001
20170405-19:09:48.942 : Connection succeeded
20170405-19:09:57.366 : Created session
20170405-19:09:57.646 : Connecting to 127.0.0.1 on port 5001
20170405-19:09:57.654 : Connection succeeded
20170405-19:09:57.683 : Initiated logon request
20170405-19:09:57.808 : Verify failed: MsgSeqNum too low, expecting 3 but received 1
20170405-19:09:57.809 : Session FIX.4.2:SABERIN->TW disconnecting: Verify failed: MsgSeqNum too low, expecting 3 but received 1
20170405-19:10:17.812 : Created session
20170405-19:10:26.591 : Created session
20170405-19:10:26.874 : Connecting to 127.0.0.1 on port 5001
20170405-19:10:26.936 : Connection succeeded
20170405-19:10:26.955 : Initiated logon request
20170405-19:10:27.110 : Verify failed: MsgSeqNum too low, expecting 3 but received 1
20170405-19:10:27.111 : Session FIX.4.2:SABERIN->TW disconnecting: Verify failed: MsgSeqNum too low, expecting 3 but received 1
20170405-19:10:36.802 : Created session
20170405-19:10:36.946 : Connecting to 127.0.0.1 on port 5001
20170405-19:10:36.950 : Connection succeeded
20170405-19:10:36.971 : Initiated logon request
20170405-19:10:37.056 : Verify failed: MsgSeqNum too low, expecting 3 but received 1
20170405-19:10:37.057 : Session FIX.4.2:SABERIN->TW disconnecting: Verify failed: MsgSeqNum too low, expecting 3 but received 1
20170405-19:10:55.221 : Created session
20170405-19:10:55.404 : Connecting to 127.0.0.1 on port 5001
20170405-19:10:55.452 : Connection succeeded
20170405-19:10:55.470 : Initiated logon request
20170405-19:10:55.609 : Verify failed: MsgSeqNum too low, expecting 3 but received 1
20170405-19:10:55.610 : Session FIX.4.2:SABERIN->TW disconnecting: Verify failed: MsgSeqNum too low, expecting 3 but received 1
20170405-19:11:10.660 : Created session
20170405-19:11:10.937 : Connecting to 127.0.0.1 on port 5001
20170405-19:11:11.027 : Connection succeeded
20170405-19:11:11.059 : Initiated logon request
20170405-19:11:11.273 : Verify failed: MsgSeqNum too low, expecting 3 but received 1
20170405-19:11:11.274 : Session FIX.4.2:SABERIN->TW disconnecting: Verify failed: MsgSeqNum too low, expecting 3 but received 1
20170405-19:31:57.279 : Created session
20170405-19:31:57.397 : Connecting to 127.0.0.1 on port 5001
20170405-19:31:57.432 : Connection succeeded
20170405-19:31:57.452 : Initiated logon request
20170405-19:31:57.844 : Verify failed: MsgSeqNum too low, expecting 3 but received 1
20170405-19:31:57.845 : Session FIX.4.2:SABERIN->TW disconnecting: Verify failed: MsgSeqNum too low, expecting 3 but received 1
20170405-19:32:08.450 : Created session
20170405-19:32:08.590 : Connecting to 127.0.0.1 on port 5001
20170405-19:32:08.638 : Connection succeeded
20170405-19:32:08.663 : Initiated logon request
20170405-19:32:08.770 : Verify failed: MsgSeqNum too low, expecting 3 but received 1
20170405-19:32:08.771 : Session FIX.4.2:SABERIN->TW disconnecting: Verify failed: MsgSeqNum too low, expecting 3 but received 1
20170405-19:56:52.671 : Created session
20170405-19:56:52.766 : Connecting to 127.0.0.1 on port 5001
20170405-19:56:52.772 : Connection succeeded
20170405-19:56:52.841 : Initiated logon request
20170405-19:56:52.978 : Session FIX.4.2:SABERIN->TW disconnecting: System.Net.Sockets.SocketException (0x80004005): An existing connection was forcibly closed by the remote host
   at QuickFix.SocketInitiatorThread.ReadSome(Byte[] buffer, Int32 timeoutMilliseconds)
   at QuickFix.SocketInitiatorThread.Read()
20170405-19:57:09.744 : Created session
20170405-19:57:10.009 : Connecting to 127.0.0.1 on port 5001
20170405-19:57:10.106 : Connection succeeded
20170405-19:57:10.131 : Initiated logon request
20170405-19:57:10.241 : Verify failed: MsgSeqNum too low, expecting 3 but received 1
20170405-19:57:10.242 : Session FIX.4.2:SABERIN->TW disconnecting: Verify failed: MsgSeqNum too low, expecting 3 but received 1
20170405-20:22:16.028 : Created session
20170405-20:22:16.222 : Connecting to 127.0.0.1 on port 5001
20170405-20:22:16.240 : Connection succeeded
20170405-20:22:16.477 : Session reset: ResetOnLogon
20170405-20:22:16.511 : Session reset: ResetSeqNumFlag
20170405-20:22:16.515 : Initiated logon request
20170405-20:22:16.914 : Received logon
20170405-20:23:06.589 : Created session
20170405-20:23:06.818 : Connecting to 127.0.0.1 on port 5001
20170405-20:23:06.870 : Connection succeeded
20170405-20:23:07.101 : Session reset: ResetOnLogon
20170405-20:23:07.169 : Session reset: ResetSeqNumFlag
20170405-20:23:07.172 : Initiated logon request
20170405-20:23:07.467 : Received logon
20170405-20:23:16.635 : Created session
20170405-20:23:16.755 : Connecting to 127.0.0.1 on port 5001
20170405-20:23:16.855 : Connection succeeded
20170405-20:23:25.103 : Created session
20170405-20:23:25.176 : Connecting to 127.0.0.1 on port 5001
20170405-20:23:25.205 : Connection succeeded
20170405-20:23:35.609 : Created session
20170405-20:23:35.697 : Connecting to 127.0.0.1 on port 5001
20170405-20:23:35.775 : Connection succeeded
20170405-20:23:35.857 : Session reset: ResetOnLogon
20170405-20:23:35.880 : Session reset: ResetSeqNumFlag
20170405-20:23:35.884 : Initiated logon request
20170405-20:23:35.989 : Received logon
20170405-20:23:43.331 : Created session
20170405-20:23:43.461 : Connecting to 127.0.0.1 on port 5001
20170405-20:23:43.483 : Connection succeeded
20170405-20:23:43.574 : Session reset: ResetOnLogon
20170405-20:23:43.600 : Session reset: ResetSeqNumFlag
20170405-20:23:43.603 : Initiated logon request
20170405-20:23:43.794 : Received logon
20170405-21:07:48.772 : Created session
20170405-21:07:49.075 : Connecting to 127.0.0.1 on port 5001
20170405-21:07:49.101 : Connection succeeded
20170405-21:07:49.236 : Session reset: ResetOnLogon
20170405-21:07:49.266 : Session reset: ResetSeqNumFlag
20170405-21:07:49.269 : Initiated logon request
20170405-21:07:49.597 : Received logon
20170405-21:08:01.727 : Created session
20170405-21:08:01.821 : Connecting to 127.0.0.1 on port 5001
20170405-21:08:01.853 : Connection succeeded
20170405-21:14:10.933 : Created session
20170405-21:14:11.013 : Connecting to 127.0.0.1 on port 5001
20170405-21:14:11.114 : Connection succeeded
20170405-21:14:17.161 : Created session
20170405-21:14:17.283 : Connecting to 127.0.0.1 on port 5001
20170405-21:14:17.356 : Connection succeeded
20170405-21:14:17.452 : Session reset: ResetOnLogon
20170405-21:14:17.472 : Session reset: ResetSeqNumFlag
20170405-21:14:17.475 : Initiated logon request
20170405-21:14:18.015 : Received logon
20170405-21:14:24.897 : Created session
20170405-21:14:24.962 : Connecting to 127.0.0.1 on port 5001
20170405-21:14:25.002 : Connection succeeded
20170405-21:14:25.063 : Session reset: ResetOnLogon
20170405-21:14:25.098 : Session reset: ResetSeqNumFlag
20170405-21:14:25.101 : Initiated logon request
20170405-21:14:25.176 : Received logon
20170405-21:28:21.549 : Created session
20170405-21:28:21.639 : Connecting to 127.0.0.1 on port 5001
20170405-21:28:21.733 : Connection succeeded
